2012/04/12 11:14:17 ジェネレートの開始。
2012/04/12 11:14:20 コピー済み: C:\daifuku\wms\tomcat\webapps\wms\WEB-INF\src\jp\co\daifuku\wms\base\rft\datasheet\AreaDataSheet.java
2012/04/12 11:14:21 コピー済み: C:\daifuku\wms\tomcat\webapps\wms\WEB-INF\src\jp\co\daifuku\wms\base\rft\datasheet\AreaListDataSheet.java
2012/04/12 11:14:21 コピー済み: C:\daifuku\wms\tomcat\webapps\wms\WEB-INF\src\jp\co\daifuku\wms\base\rft\datasheet\BatchDataSheet.java
2012/04/12 11:14:22 コピー済み: C:\daifuku\wms\tomcat\webapps\wms\WEB-INF\src\jp\co\daifuku\wms\base\rft\datasheet\BatchListDataSheet.java
2012/04/12 11:14:22 コピー済み: C:\daifuku\wms\tomcat\webapps\wms\WEB-INF\src\jp\co\daifuku\wms\base\rft\datasheet\CommonDataSheet.java
2012/04/12 11:14:23 コピー済み: C:\daifuku\wms\tomcat\webapps\wms\WEB-INF\src\jp\co\daifuku\wms\base\rft\datasheet\ConsignorDataSheet.java
2012/04/12 11:14:23 コピー済み: C:\daifuku\wms\tomcat\webapps\wms\WEB-INF\src\jp\co\daifuku\wms\base\rft\datasheet\ConsignorListDataSheet.java
2012/04/12 11:14:24 コピー済み: C:\daifuku\wms\tomcat\webapps\wms\WEB-INF\src\jp\co\daifuku\wms\base\rft\datasheet\ItemDataSheet.java
2012/04/12 11:14:24 コピー済み: C:\daifuku\wms\tomcat\webapps\wms\WEB-INF\src\jp\co\daifuku\wms\base\rft\datasheet\LocationDataSheet.java
2012/04/12 11:14:24 コピー済み: C:\daifuku\wms\tomcat\webapps\wms\WEB-INF\src\jp\co\daifuku\wms\base\rft\datasheet\LocationListDataSheet.java
2012/04/12 11:14:25 コピー済み: C:\daifuku\wms\tomcat\webapps\wms\WEB-INF\src\jp\co\daifuku\wms\base\rft\datasheet\LotNoDataSheet.java
2012/04/12 11:14:26 コピー済み: C:\daifuku\wms\tomcat\webapps\wms\WEB-INF\src\jp\co\daifuku\wms\base\rft\datasheet\LotNoListDataSheet.java
2012/04/12 11:14:26 コピー済み: C:\daifuku\wms\tomcat\webapps\wms\WEB-INF\src\jp\co\daifuku\wms\base\rft\datasheet\MainMenuDataSheet.java
2012/04/12 11:14:26 コピー済み: C:\daifuku\wms\tomcat\webapps\wms\WEB-INF\src\jp\co\daifuku\wms\base\rft\datasheet\PlanDateDataSheet.java
2012/04/12 11:14:26 コピー済み: C:\daifuku\wms\tomcat\webapps\wms\WEB-INF\src\jp\co\daifuku\wms\base\rft\datasheet\PlanDateListDataSheet.java
2012/04/12 11:14:27 コピー済み: C:\daifuku\wms\tomcat\webapps\wms\WEB-INF\src\jp\co\daifuku\wms\base\rft\datasheet\TermInfoDataSheet.java
2012/04/12 11:14:27 コピー済み: C:\daifuku\wms\tomcat\webapps\wms\WEB-INF\src\jp\co\daifuku\wms\receiving\rft\datasheet\ReceivingAreaDataSheet.java
2012/04/12 11:14:27 コピー済み: C:\daifuku\wms\tomcat\webapps\wms\WEB-INF\src\jp\co\daifuku\wms\receiving\rft\datasheet\ReceivingAreaListDataSheet.java
2012/04/12 11:14:27 コピー済み: C:\daifuku\wms\tomcat\webapps\wms\WEB-INF\src\jp\co\daifuku\wms\receiving\rft\datasheet\ReceivingInDataSheet.java
2012/04/12 11:14:28 コピー済み: C:\daifuku\wms\tomcat\webapps\wms\WEB-INF\src\jp\co\daifuku\wms\receiving\rft\datasheet\ReceivingOutDataSheet.java
2012/04/12 11:14:28 コピー済み: C:\daifuku\wms\tomcat\webapps\wms\WEB-INF\src\jp\co\daifuku\wms\receiving\rft\datasheet\SupplierDataSheet.java
2012/04/12 11:14:28 コピー済み: C:\daifuku\wms\tomcat\webapps\wms\WEB-INF\src\jp\co\daifuku\wms\receiving\rft\datasheet\SupplierListDataSheet.java
2012/04/12 11:14:29 コピー済み: C:\daifuku\wms\tomcat\webapps\wms\WEB-INF\src\jp\co\daifuku\wms\retrieval\rft\datasheet\OrderDataSheet.java
2012/04/12 11:14:29 コピー済み: C:\daifuku\wms\tomcat\webapps\wms\WEB-INF\src\jp\co\daifuku\wms\retrieval\rft\datasheet\OrderListDataSheet.java
2012/04/12 11:14:29 コピー済み: C:\daifuku\wms\tomcat\webapps\wms\WEB-INF\src\jp\co\daifuku\wms\retrieval\rft\datasheet\RetrievalInDataSheet.java
2012/04/12 11:14:30 コピー済み: C:\daifuku\wms\tomcat\webapps\wms\WEB-INF\src\jp\co\daifuku\wms\retrieval\rft\datasheet\RetrievalOutDataSheet.java
2012/04/12 11:14:30 コピー済み: C:\daifuku\wms\tomcat\webapps\wms\WEB-INF\src\jp\co\daifuku\wms\ship\rft\datasheet\CustomerDataSheet.java
2012/04/12 11:14:30 コピー済み: C:\daifuku\wms\tomcat\webapps\wms\WEB-INF\src\jp\co\daifuku\wms\ship\rft\datasheet\CustomerListDataSheet.java
2012/04/12 11:14:30 コピー済み: C:\daifuku\wms\tomcat\webapps\wms\WEB-INF\src\jp\co\daifuku\wms\ship\rft\datasheet\ShippingCustomerInDataSheet.java
2012/04/12 11:14:30 コピー済み: C:\daifuku\wms\tomcat\webapps\wms\WEB-INF\src\jp\co\daifuku\wms\ship\rft\datasheet\ShippingCustomerOutDataSheet.java
2012/04/12 11:14:31 コピー済み: C:\daifuku\wms\tomcat\webapps\wms\WEB-INF\src\jp\co\daifuku\wms\ship\rft\datasheet\ShippingShortageListDataSheet.java
2012/04/12 11:14:31 コピー済み: C:\daifuku\wms\tomcat\webapps\wms\WEB-INF\src\jp\co\daifuku\wms\stock\rft\datasheet\NoPlanRetrievalInDataSheet.java
2012/04/12 11:14:31 コピー済み: C:\daifuku\wms\tomcat\webapps\wms\WEB-INF\src\jp\co\daifuku\wms\stock\rft\datasheet\NoPlanRetrievalOutDataSheet.java
2012/04/12 11:14:31 コピー済み: C:\daifuku\wms\tomcat\webapps\wms\WEB-INF\src\jp\co\daifuku\wms\stock\rft\datasheet\NoPlanRetrievalStockListDataSheet.java
2012/04/12 11:14:31 コピー済み: C:\daifuku\wms\tomcat\webapps\wms\WEB-INF\src\jp\co\daifuku\wms\stock\rft\datasheet\NoPlanStorageInDataSheet.java
2012/04/12 11:14:32 コピー済み: C:\daifuku\wms\tomcat\webapps\wms\WEB-INF\src\jp\co\daifuku\wms\stock\rft\datasheet\NoPlanStorageOutDataSheet.java
2012/04/12 11:14:32 コピー済み: C:\daifuku\wms\tomcat\webapps\wms\WEB-INF\src\jp\co\daifuku\wms\stock\rft\datasheet\ReceivingStorageInDataSheet.java
2012/04/12 11:14:32 コピー済み: C:\daifuku\wms\tomcat\webapps\wms\WEB-INF\src\jp\co\daifuku\wms\stock\rft\datasheet\ReceivingStorageOutDataSheet.java
2012/04/12 11:14:32 コピー済み: C:\daifuku\wms\tomcat\webapps\wms\WEB-INF\src\jp\co\daifuku\wms\base\rft\display\ConsignorInputBusiness.java
2012/04/12 11:14:33 コピー済み: C:\daifuku\wms\tomcat\webapps\wms\WEB-INF\src\jp\co\daifuku\wms\base\rft\schedule\ReportWorkEndSCH.java
2012/04/12 11:14:33 コピー済み: C:\daifuku\wms\tomcat\webapps\wms\WEB-INF\src\jp\co\daifuku\wms\base\rft\schedule\ReportWorkEndSCHParams.java
2012/04/12 11:14:33 コピー済み: C:\daifuku\wms\tomcat\webapps\wms\WEB-INF\src\jp\co\daifuku\wms\base\rft\schedule\ConsignorInputSCH.java
2012/04/12 11:14:33 コピー済み: C:\daifuku\wms\tomcat\webapps\wms\WEB-INF\src\jp\co\daifuku\wms\base\rft\schedule\ConsignorInputSCHParams.java
2012/04/12 11:14:34 コピー済み: C:\daifuku\wms\tomcat\webapps\wms\WEB-INF\src\jp\co\daifuku\wms\base\rft\display\ConsignorListBusiness.java
2012/04/12 11:14:35 コピー済み: C:\daifuku\wms\tomcat\webapps\wms\WEB-INF\src\jp\co\daifuku\wms\base\rft\schedule\ConsignorListSCH.java
2012/04/12 11:14:35 コピー済み: C:\daifuku\wms\tomcat\webapps\wms\WEB-INF\src\jp\co\daifuku\wms\base\rft\schedule\ConsignorListSCHParams.java
2012/04/12 11:14:35 コピー済み: C:\daifuku\wms\tomcat\webapps\wms\WEB-INF\src\jp\co\daifuku\wms\base\rft\display\ExitConfirmBusiness.java
2012/04/12 11:14:36 コピー済み: C:\daifuku\wms\tomcat\webapps\wms\WEB-INF\src\jp\co\daifuku\wms\base\rft\schedule\TopPageSCH.java
2012/04/12 11:14:36 コピー済み: C:\daifuku\wms\tomcat\webapps\wms\WEB-INF\src\jp\co\daifuku\wms\base\rft\schedule\TopPageSCHParams.java
2012/04/12 11:14:36 コピー済み: C:\daifuku\wms\tomcat\webapps\wms\WEB-INF\src\jp\co\daifuku\wms\base\rft\display\MainMenuBusiness.java
2012/04/12 11:14:36 コピー済み: C:\daifuku\wms\tomcat\webapps\wms\WEB-INF\src\jp\co\daifuku\wms\base\rft\schedule\MainMenuSCH.java
2012/04/12 11:14:36 コピー済み: C:\daifuku\wms\tomcat\webapps\wms\WEB-INF\src\jp\co\daifuku\wms\base\rft\schedule\MainMenuSCHParams.java
2012/04/12 11:14:37 コピー済み: C:\daifuku\wms\tomcat\webapps\wms\WEB-INF\src\jp\co\daifuku\wms\base\rft\display\SessionErrorBusiness.java
2012/04/12 11:14:37 コピー済み: C:\daifuku\wms\tomcat\webapps\wms\WEB-INF\src\jp\co\daifuku\wms\base\rft\display\TopPageBusiness.java
2012/04/12 11:14:37 コピー済み: C:\daifuku\wms\tomcat\webapps\wms\WEB-INF\src\jp\co\daifuku\wms\base\rft\display\WorkerInputBusiness.java
2012/04/12 11:14:37 コピー済み: C:\daifuku\wms\tomcat\webapps\wms\WEB-INF\src\jp\co\daifuku\wms\base\rft\schedule\WorkerInputSCH.java
2012/04/12 11:14:37 コピー済み: C:\daifuku\wms\tomcat\webapps\wms\WEB-INF\src\jp\co\daifuku\wms\base\rft\schedule\WorkerInputSCHParams.java
2012/04/12 11:14:38 コピー済み: C:\daifuku\wms\tomcat\webapps\wms\WEB-INF\src\jp\co\daifuku\wms\receiving\rft\display\RecAreaListBusiness.java
2012/04/12 11:14:38 コピー済み: C:\daifuku\wms\tomcat\webapps\wms\WEB-INF\src\jp\co\daifuku\wms\receiving\rft\schedule\RecAreaListSCH.java
2012/04/12 11:14:38 コピー済み: C:\daifuku\wms\tomcat\webapps\wms\WEB-INF\src\jp\co\daifuku\wms\receiving\rft\schedule\RecAreaListSCHParams.java
2012/04/12 11:14:38 コピー済み: C:\daifuku\wms\tomcat\webapps\wms\WEB-INF\src\jp\co\daifuku\wms\receiving\rft\display\RecCancelConfirmBusiness.java
2012/04/12 11:14:38 コピー済み: C:\daifuku\wms\tomcat\webapps\wms\WEB-INF\src\jp\co\daifuku\wms\receiving\rft\schedule\RecCompleteSCH.java
2012/04/12 11:14:39 コピー済み: C:\daifuku\wms\tomcat\webapps\wms\WEB-INF\src\jp\co\daifuku\wms\receiving\rft\schedule\RecCompleteSCHParams.java
2012/04/12 11:14:39 コピー済み: C:\daifuku\wms\tomcat\webapps\wms\WEB-INF\src\jp\co\daifuku\wms\receiving\rft\display\RecDetailBusiness.java
2012/04/12 11:14:39 コピー済み: C:\daifuku\wms\tomcat\webapps\wms\WEB-INF\src\jp\co\daifuku\wms\receiving\rft\display\RecInspectionBusiness.java
2012/04/12 11:14:39 コピー済み: C:\daifuku\wms\tomcat\webapps\wms\WEB-INF\src\jp\co\daifuku\wms\receiving\rft\display\RecItemInputBusiness.java
2012/04/12 11:14:40 コピー済み: C:\daifuku\wms\tomcat\webapps\wms\WEB-INF\src\jp\co\daifuku\wms\receiving\rft\display\RecLotNoListBusiness.java
2012/04/12 11:14:40 コピー済み: C:\daifuku\wms\tomcat\webapps\wms\WEB-INF\src\jp\co\daifuku\wms\receiving\rft\schedule\RecLotNoListSCH.java
2012/04/12 11:14:40 コピー済み: C:\daifuku\wms\tomcat\webapps\wms\WEB-INF\src\jp\co\daifuku\wms\receiving\rft\schedule\RecLotNoListSCHParams.java
2012/04/12 11:14:40 コピー済み: C:\daifuku\wms\tomcat\webapps\wms\WEB-INF\src\jp\co\daifuku\wms\receiving\rft\schedule\RecStartSCH.java
2012/04/12 11:14:40 コピー済み: C:\daifuku\wms\tomcat\webapps\wms\WEB-INF\src\jp\co\daifuku\wms\receiving\rft\schedule\RecStartSCHParams.java
2012/04/12 11:14:41 コピー済み: C:\daifuku\wms\tomcat\webapps\wms\WEB-INF\src\jp\co\daifuku\wms\receiving\rft\display\RecPlanDateListBusiness.java
2012/04/12 11:14:41 コピー済み: C:\daifuku\wms\tomcat\webapps\wms\WEB-INF\src\jp\co\daifuku\wms\receiving\rft\schedule\RecPlanDateListSCH.java
2012/04/12 11:14:41 コピー済み: C:\daifuku\wms\tomcat\webapps\wms\WEB-INF\src\jp\co\daifuku\wms\receiving\rft\schedule\RecPlanDateListSCHParams.java
2012/04/12 11:14:42 コピー済み: C:\daifuku\wms\tomcat\webapps\wms\WEB-INF\src\jp\co\daifuku\wms\receiving\rft\display\RecQtyInputBusiness.java
2012/04/12 11:14:42 コピー済み: C:\daifuku\wms\tomcat\webapps\wms\WEB-INF\src\jp\co\daifuku\wms\receiving\rft\display\RecReStartBusiness.java
2012/04/12 11:14:42 コピー済み: C:\daifuku\wms\tomcat\webapps\wms\WEB-INF\src\jp\co\daifuku\wms\receiving\rft\schedule\RecReStartSCH.java
2012/04/12 11:14:42 コピー済み: C:\daifuku\wms\tomcat\webapps\wms\WEB-INF\src\jp\co\daifuku\wms\receiving\rft\schedule\RecReStartSCHParams.java
2012/04/12 11:14:43 コピー済み: C:\daifuku\wms\tomcat\webapps\wms\WEB-INF\src\jp\co\daifuku\wms\receiving\rft\display\RecSPSelectBusiness.java
2012/04/12 11:14:43 コピー済み: C:\daifuku\wms\tomcat\webapps\wms\WEB-INF\src\jp\co\daifuku\wms\receiving\rft\display\RecStartBusiness.java
2012/04/12 11:14:43 コピー済み: C:\daifuku\wms\tomcat\webapps\wms\WEB-INF\src\jp\co\daifuku\wms\receiving\rft\display\RecSupplierListBusiness.java
2012/04/12 11:14:44 コピー済み: C:\daifuku\wms\tomcat\webapps\wms\WEB-INF\src\jp\co\daifuku\wms\receiving\rft\schedule\RecSupplierListSCH.java
2012/04/12 11:14:44 コピー済み: C:\daifuku\wms\tomcat\webapps\wms\WEB-INF\src\jp\co\daifuku\wms\receiving\rft\schedule\RecSupplierListSCHParams.java
2012/04/12 11:14:44 コピー済み: C:\daifuku\wms\tomcat\webapps\wms\WEB-INF\src\jp\co\daifuku\wms\receiving\rft\display\RecTempStorageBusiness.java
2012/04/12 11:14:44 コピー済み: C:\daifuku\wms\tomcat\webapps\wms\WEB-INF\src\jp\co\daifuku\wms\receiving\rft\schedule\RecTempStorageSCH.java
2012/04/12 11:14:45 コピー済み: C:\daifuku\wms\tomcat\webapps\wms\WEB-INF\src\jp\co\daifuku\wms\receiving\rft\schedule\RecTempStorageSCHParams.java
2012/04/12 11:14:45 コピー済み: C:\daifuku\wms\tomcat\webapps\wms\WEB-INF\src\jp\co\daifuku\wms\retrieval\rft\display\RetAreaInputBusiness.java
2012/04/12 11:14:45 コピー済み: C:\daifuku\wms\tomcat\webapps\wms\WEB-INF\src\jp\co\daifuku\wms\retrieval\rft\schedule\RetAreaInputSCH.java
2012/04/12 11:14:45 コピー済み: C:\daifuku\wms\tomcat\webapps\wms\WEB-INF\src\jp\co\daifuku\wms\retrieval\rft\schedule\RetAreaInputSCHParams.java
2012/04/12 11:14:46 コピー済み: C:\daifuku\wms\tomcat\webapps\wms\WEB-INF\src\jp\co\daifuku\wms\retrieval\rft\display\RetAreaListBusiness.java
2012/04/12 11:14:46 コピー済み: C:\daifuku\wms\tomcat\webapps\wms\WEB-INF\src\jp\co\daifuku\wms\retrieval\rft\schedule\RetAreaListSCH.java
2012/04/12 11:14:46 コピー済み: C:\daifuku\wms\tomcat\webapps\wms\WEB-INF\src\jp\co\daifuku\wms\retrieval\rft\schedule\RetAreaListSCHParams.java
2012/04/12 11:14:46 コピー済み: C:\daifuku\wms\tomcat\webapps\wms\WEB-INF\src\jp\co\daifuku\wms\retrieval\rft\display\RetCancelConfirmBusiness.java
2012/04/12 11:14:46 コピー済み: C:\daifuku\wms\tomcat\webapps\wms\WEB-INF\src\jp\co\daifuku\wms\retrieval\rft\schedule\RetCompleteSCH.java
2012/04/12 11:14:47 コピー済み: C:\daifuku\wms\tomcat\webapps\wms\WEB-INF\src\jp\co\daifuku\wms\retrieval\rft\schedule\RetCompleteSCHParams.java
2012/04/12 11:14:47 コピー済み: C:\daifuku\wms\tomcat\webapps\wms\WEB-INF\src\jp\co\daifuku\wms\retrieval\rft\display\RetDetail1Business.java
2012/04/12 11:14:47 コピー済み: C:\daifuku\wms\tomcat\webapps\wms\WEB-INF\src\jp\co\daifuku\wms\retrieval\rft\display\RetDetail2Business.java
2012/04/12 11:14:48 コピー済み: C:\daifuku\wms\tomcat\webapps\wms\WEB-INF\src\jp\co\daifuku\wms\retrieval\rft\display\RetInspectionBusiness.java
2012/04/12 11:14:48 コピー済み: C:\daifuku\wms\tomcat\webapps\wms\WEB-INF\src\jp\co\daifuku\wms\retrieval\rft\display\RetLocationItemInputBusiness.java
2012/04/12 11:14:48 コピー済み: C:\daifuku\wms\tomcat\webapps\wms\WEB-INF\src\jp\co\daifuku\wms\retrieval\rft\schedule\RetUpdateSCH.java
2012/04/12 11:14:48 コピー済み: C:\daifuku\wms\tomcat\webapps\wms\WEB-INF\src\jp\co\daifuku\wms\retrieval\rft\schedule\RetUpdateSCHParams.java
2012/04/12 11:14:49 コピー済み: C:\daifuku\wms\tomcat\webapps\wms\WEB-INF\src\jp\co\daifuku\wms\retrieval\rft\display\RetOrderConfirmBusiness.java
2012/04/12 11:14:49 コピー済み: C:\daifuku\wms\tomcat\webapps\wms\WEB-INF\src\jp\co\daifuku\wms\retrieval\rft\display\RetOrderInputBusiness.java
2012/04/12 11:14:49 コピー済み: C:\daifuku\wms\tomcat\webapps\wms\WEB-INF\src\jp\co\daifuku\wms\retrieval\rft\display\RetOrderListBusiness.java
2012/04/12 11:14:49 コピー済み: C:\daifuku\wms\tomcat\webapps\wms\WEB-INF\src\jp\co\daifuku\wms\retrieval\rft\schedule\RetOrderListSCH.java
2012/04/12 11:14:49 コピー済み: C:\daifuku\wms\tomcat\webapps\wms\WEB-INF\src\jp\co\daifuku\wms\retrieval\rft\schedule\RetOrderListSCHParams.java
2012/04/12 11:14:50 コピー済み: C:\daifuku\wms\tomcat\webapps\wms\WEB-INF\src\jp\co\daifuku\wms\retrieval\rft\display\RetOrderStatusListBusiness.java
2012/04/12 11:14:50 コピー済み: C:\daifuku\wms\tomcat\webapps\wms\WEB-INF\src\jp\co\daifuku\wms\retrieval\rft\schedule\RetOrderStatusListSCH.java
2012/04/12 11:14:50 コピー済み: C:\daifuku\wms\tomcat\webapps\wms\WEB-INF\src\jp\co\daifuku\wms\retrieval\rft\schedule\RetOrderStatusListSCHParams.java
2012/04/12 11:14:51 コピー済み: C:\daifuku\wms\tomcat\webapps\wms\WEB-INF\src\jp\co\daifuku\wms\retrieval\rft\display\RetQtyInputBusiness.java
2012/04/12 11:14:51 コピー済み: C:\daifuku\wms\tomcat\webapps\wms\WEB-INF\src\jp\co\daifuku\wms\retrieval\rft\display\RetReStartBusiness.java
2012/04/12 11:14:52 コピー済み: C:\daifuku\wms\tomcat\webapps\wms\WEB-INF\src\jp\co\daifuku\wms\retrieval\rft\schedule\RetReStartSCH.java
2012/04/12 11:14:53 コピー済み: C:\daifuku\wms\tomcat\webapps\wms\WEB-INF\src\jp\co\daifuku\wms\retrieval\rft\schedule\RetReStartSCHParams.java
2012/04/12 11:14:53 コピー済み: C:\daifuku\wms\tomcat\webapps\wms\WEB-INF\src\jp\co\daifuku\wms\retrieval\rft\display\RetShortageConfirmBusiness.java
2012/04/12 11:14:53 コピー済み: C:\daifuku\wms\tomcat\webapps\wms\WEB-INF\src\jp\co\daifuku\wms\retrieval\rft\display\RetStartBusiness.java
2012/04/12 11:14:53 コピー済み: C:\daifuku\wms\tomcat\webapps\wms\WEB-INF\src\jp\co\daifuku\wms\retrieval\rft\schedule\RetStartSCH.java
2012/04/12 11:14:54 コピー済み: C:\daifuku\wms\tomcat\webapps\wms\WEB-INF\src\jp\co\daifuku\wms\retrieval\rft\schedule\RetStartSCHParams.java
2012/04/12 11:14:54 コピー済み: C:\daifuku\wms\tomcat\webapps\wms\WEB-INF\src\jp\co\daifuku\wms\ship\rft\display\ShpBatchNoInputBusiness.java
2012/04/12 11:14:54 コピー済み: C:\daifuku\wms\tomcat\webapps\wms\WEB-INF\src\jp\co\daifuku\wms\ship\rft\schedule\ShpBatchNoInputSCH.java
2012/04/12 11:14:55 コピー済み: C:\daifuku\wms\tomcat\webapps\wms\WEB-INF\src\jp\co\daifuku\wms\ship\rft\schedule\ShpBatchNoInputSCHParams.java
2012/04/12 11:14:55 コピー済み: C:\daifuku\wms\tomcat\webapps\wms\WEB-INF\src\jp\co\daifuku\wms\ship\rft\display\ShpBatchNoListBusiness.java
2012/04/12 11:14:55 コピー済み: C:\daifuku\wms\tomcat\webapps\wms\WEB-INF\src\jp\co\daifuku\wms\ship\rft\schedule\ShpBatchNoListSCH.java
2012/04/12 11:14:55 コピー済み: C:\daifuku\wms\tomcat\webapps\wms\WEB-INF\src\jp\co\daifuku\wms\ship\rft\schedule\ShpBatchNoListSCHParams.java
2012/04/12 11:14:56 コピー済み: C:\daifuku\wms\tomcat\webapps\wms\WEB-INF\src\jp\co\daifuku\wms\ship\rft\display\ShpCancelConfirmBusiness.java
2012/04/12 11:14:56 コピー済み: C:\daifuku\wms\tomcat\webapps\wms\WEB-INF\src\jp\co\daifuku\wms\ship\rft\schedule\ShpCompleteSCH.java
2012/04/12 11:14:56 コピー済み: C:\daifuku\wms\tomcat\webapps\wms\WEB-INF\src\jp\co\daifuku\wms\ship\rft\schedule\ShpCompleteSCHParams.java
2012/04/12 11:14:56 コピー済み: C:\daifuku\wms\tomcat\webapps\wms\WEB-INF\src\jp\co\daifuku\wms\ship\rft\display\ShpCustomerInputBusiness.java
2012/04/12 11:14:56 コピー済み: C:\daifuku\wms\tomcat\webapps\wms\WEB-INF\src\jp\co\daifuku\wms\ship\rft\display\ShpCustomerListBusiness.java
2012/04/12 11:14:57 コピー済み: C:\daifuku\wms\tomcat\webapps\wms\WEB-INF\src\jp\co\daifuku\wms\ship\rft\schedule\ShpCustomerListSCH.java
2012/04/12 11:14:57 コピー済み: C:\daifuku\wms\tomcat\webapps\wms\WEB-INF\src\jp\co\daifuku\wms\ship\rft\schedule\ShpCustomerListSCHParams.java
2012/04/12 11:14:57 コピー済み: C:\daifuku\wms\tomcat\webapps\wms\WEB-INF\src\jp\co\daifuku\wms\ship\rft\display\ShpDetailBusiness.java
2012/04/12 11:14:57 コピー済み: C:\daifuku\wms\tomcat\webapps\wms\WEB-INF\src\jp\co\daifuku\wms\ship\rft\display\ShpInspectionBusiness.java
2012/04/12 11:14:58 コピー済み: C:\daifuku\wms\tomcat\webapps\wms\WEB-INF\src\jp\co\daifuku\wms\ship\rft\schedule\ShpInspectionSCH.java
2012/04/12 11:14:58 コピー済み: C:\daifuku\wms\tomcat\webapps\wms\WEB-INF\src\jp\co\daifuku\wms\ship\rft\schedule\ShpInspectionSCHParams.java
2012/04/12 11:14:58 コピー済み: C:\daifuku\wms\tomcat\webapps\wms\WEB-INF\src\jp\co\daifuku\wms\ship\rft\display\ShpPlanDateListBusiness.java
2012/04/12 11:14:58 コピー済み: C:\daifuku\wms\tomcat\webapps\wms\WEB-INF\src\jp\co\daifuku\wms\ship\rft\schedule\ShpPlanDateListSCH.java
2012/04/12 11:14:59 コピー済み: C:\daifuku\wms\tomcat\webapps\wms\WEB-INF\src\jp\co\daifuku\wms\ship\rft\schedule\ShpPlanDateListSCHParams.java
2012/04/12 11:14:59 コピー済み: C:\daifuku\wms\tomcat\webapps\wms\WEB-INF\src\jp\co\daifuku\wms\ship\rft\schedule\ShpStartSCH.java
2012/04/12 11:14:59 コピー済み: C:\daifuku\wms\tomcat\webapps\wms\WEB-INF\src\jp\co\daifuku\wms\ship\rft\schedule\ShpStartSCHParams.java
2012/04/12 11:15:00 コピー済み: C:\daifuku\wms\tomcat\webapps\wms\WEB-INF\src\jp\co\daifuku\wms\ship\rft\display\ShpQtyInputBusiness.java
2012/04/12 11:15:00 コピー済み: C:\daifuku\wms\tomcat\webapps\wms\WEB-INF\src\jp\co\daifuku\wms\ship\rft\display\ShpReStartBusiness.java
2012/04/12 11:15:00 コピー済み: C:\daifuku\wms\tomcat\webapps\wms\WEB-INF\src\jp\co\daifuku\wms\ship\rft\schedule\ShpReStartSCH.java
2012/04/12 11:15:00 コピー済み: C:\daifuku\wms\tomcat\webapps\wms\WEB-INF\src\jp\co\daifuku\wms\ship\rft\schedule\ShpReStartSCHParams.java
2012/04/12 11:15:01 コピー済み: C:\daifuku\wms\tomcat\webapps\wms\WEB-INF\src\jp\co\daifuku\wms\ship\rft\display\ShpShortageListBusiness.java
2012/04/12 11:15:01 コピー済み: C:\daifuku\wms\tomcat\webapps\wms\WEB-INF\src\jp\co\daifuku\wms\ship\rft\schedule\ShpShortageListSCH.java
2012/04/12 11:15:01 コピー済み: C:\daifuku\wms\tomcat\webapps\wms\WEB-INF\src\jp\co\daifuku\wms\ship\rft\schedule\ShpShortageListSCHParams.java
2012/04/12 11:15:01 コピー済み: C:\daifuku\wms\tomcat\webapps\wms\WEB-INF\src\jp\co\daifuku\wms\ship\rft\display\ShpStartBusiness.java
2012/04/12 11:15:01 コピー済み: C:\daifuku\wms\tomcat\webapps\wms\WEB-INF\src\jp\co\daifuku\wms\stock\rft\display\NrtCancelConfirmBusiness.java
2012/04/12 11:15:02 コピー済み: C:\daifuku\wms\tomcat\webapps\wms\WEB-INF\src\jp\co\daifuku\wms\stock\rft\display\NrtDetailBusiness.java
2012/04/12 11:15:02 コピー済み: C:\daifuku\wms\tomcat\webapps\wms\WEB-INF\src\jp\co\daifuku\wms\stock\rft\display\NrtInspectionBusiness.java
2012/04/12 11:15:02 コピー済み: C:\daifuku\wms\tomcat\webapps\wms\WEB-INF\src\jp\co\daifuku\wms\stock\rft\schedule\NrtCompleteSCH.java
2012/04/12 11:15:02 コピー済み: C:\daifuku\wms\tomcat\webapps\wms\WEB-INF\src\jp\co\daifuku\wms\stock\rft\schedule\NrtCompleteSCHParams.java
2012/04/12 11:15:03 コピー済み: C:\daifuku\wms\tomcat\webapps\wms\WEB-INF\src\jp\co\daifuku\wms\stock\rft\display\NrtItemInputBusiness.java
2012/04/12 11:15:03 コピー済み: C:\daifuku\wms\tomcat\webapps\wms\WEB-INF\src\jp\co\daifuku\wms\stock\rft\display\NrtLocationInputBusiness.java
2012/04/12 11:15:03 コピー済み: C:\daifuku\wms\tomcat\webapps\wms\WEB-INF\src\jp\co\daifuku\wms\stock\rft\schedule\NrtLocationInputSCH.java
2012/04/12 11:15:03 コピー済み: C:\daifuku\wms\tomcat\webapps\wms\WEB-INF\src\jp\co\daifuku\wms\stock\rft\schedule\NrtLocationInputSCHParams.java
2012/04/12 11:15:03 コピー済み: C:\daifuku\wms\tomcat\webapps\wms\WEB-INF\src\jp\co\daifuku\wms\stock\rft\display\NrtLotNoInputBusiness.java
2012/04/12 11:15:04 コピー済み: C:\daifuku\wms\tomcat\webapps\wms\WEB-INF\src\jp\co\daifuku\wms\stock\rft\display\NrtLotNoListBusiness.java
2012/04/12 11:15:04 コピー済み: C:\daifuku\wms\tomcat\webapps\wms\WEB-INF\src\jp\co\daifuku\wms\stock\rft\schedule\NrtLotNoListSCH.java
2012/04/12 11:15:04 コピー済み: C:\daifuku\wms\tomcat\webapps\wms\WEB-INF\src\jp\co\daifuku\wms\stock\rft\schedule\NrtLotNoListSCHParams.java
2012/04/12 11:15:04 コピー済み: C:\daifuku\wms\tomcat\webapps\wms\WEB-INF\src\jp\co\daifuku\wms\stock\rft\schedule\NrtStartSCH.java
2012/04/12 11:15:04 コピー済み: C:\daifuku\wms\tomcat\webapps\wms\WEB-INF\src\jp\co\daifuku\wms\stock\rft\schedule\NrtStartSCHParams.java
2012/04/12 11:15:05 コピー済み: C:\daifuku\wms\tomcat\webapps\wms\WEB-INF\src\jp\co\daifuku\wms\stock\rft\display\NrtQtyInputBusiness.java
2012/04/12 11:15:05 コピー済み: C:\daifuku\wms\tomcat\webapps\wms\WEB-INF\src\jp\co\daifuku\wms\stock\rft\display\NrtRetrievalBusiness.java
2012/04/12 11:15:05 コピー済み: C:\daifuku\wms\tomcat\webapps\wms\WEB-INF\src\jp\co\daifuku\wms\stock\rft\display\NrtStartBusiness.java
2012/04/12 11:15:05 コピー済み: C:\daifuku\wms\tomcat\webapps\wms\WEB-INF\src\jp\co\daifuku\wms\stock\rft\display\NrtStockListBusiness.java
2012/04/12 11:15:05 コピー済み: C:\daifuku\wms\tomcat\webapps\wms\WEB-INF\src\jp\co\daifuku\wms\stock\rft\schedule\NrtStockListSCH.java
2012/04/12 11:15:06 コピー済み: C:\daifuku\wms\tomcat\webapps\wms\WEB-INF\src\jp\co\daifuku\wms\stock\rft\schedule\NrtStockListSCHParams.java
2012/04/12 11:15:06 コピー済み: C:\daifuku\wms\tomcat\webapps\wms\WEB-INF\src\jp\co\daifuku\wms\stock\rft\display\NstCancelConfirmBusiness.java
2012/04/12 11:15:06 コピー済み: C:\daifuku\wms\tomcat\webapps\wms\WEB-INF\src\jp\co\daifuku\wms\stock\rft\display\NstDetailBusiness.java
2012/04/12 11:15:06 コピー済み: C:\daifuku\wms\tomcat\webapps\wms\WEB-INF\src\jp\co\daifuku\wms\stock\rft\display\NstEntQtyInputBusiness.java
2012/04/12 11:15:07 コピー済み: C:\daifuku\wms\tomcat\webapps\wms\WEB-INF\src\jp\co\daifuku\wms\stock\rft\display\NstInspectionBusiness.java
2012/04/12 11:15:07 コピー済み: C:\daifuku\wms\tomcat\webapps\wms\WEB-INF\src\jp\co\daifuku\wms\stock\rft\display\NstItemInputBusiness.java
2012/04/12 11:15:08 コピー済み: C:\daifuku\wms\tomcat\webapps\wms\WEB-INF\src\jp\co\daifuku\wms\stock\rft\display\NstLocationInputBusiness.java
2012/04/12 11:15:08 コピー済み: C:\daifuku\wms\tomcat\webapps\wms\WEB-INF\src\jp\co\daifuku\wms\stock\rft\schedule\NstCompleteSCH.java
2012/04/12 11:15:08 コピー済み: C:\daifuku\wms\tomcat\webapps\wms\WEB-INF\src\jp\co\daifuku\wms\stock\rft\schedule\NstCompleteSCHParams.java
2012/04/12 11:15:09 コピー済み: C:\daifuku\wms\tomcat\webapps\wms\WEB-INF\src\jp\co\daifuku\wms\stock\rft\display\NstQtyInputBusiness.java
2012/04/12 11:15:09 コピー済み: C:\daifuku\wms\tomcat\webapps\wms\WEB-INF\src\jp\co\daifuku\wms\stock\rft\display\NstStartBusiness.java
2012/04/12 11:15:09 コピー済み: C:\daifuku\wms\tomcat\webapps\wms\WEB-INF\src\jp\co\daifuku\wms\stock\rft\schedule\NstStartSCH.java
2012/04/12 11:15:10 コピー済み: C:\daifuku\wms\tomcat\webapps\wms\WEB-INF\src\jp\co\daifuku\wms\stock\rft\schedule\NstStartSCHParams.java
2012/04/12 11:15:10 コピー済み: C:\daifuku\wms\tomcat\webapps\wms\WEB-INF\src\jp\co\daifuku\wms\stock\rft\display\StdAreaListBusiness.java
2012/04/12 11:15:11 コピー済み: C:\daifuku\wms\tomcat\webapps\wms\WEB-INF\src\jp\co\daifuku\wms\stock\rft\schedule\StdAreaListSCH.java
2012/04/12 11:15:11 コピー済み: C:\daifuku\wms\tomcat\webapps\wms\WEB-INF\src\jp\co\daifuku\wms\stock\rft\schedule\StdAreaListSCHParams.java
2012/04/12 11:15:11 コピー済み: C:\daifuku\wms\tomcat\webapps\wms\WEB-INF\src\jp\co\daifuku\wms\stock\rft\schedule\StdStartSCH.java
2012/04/12 11:15:12 コピー済み: C:\daifuku\wms\tomcat\webapps\wms\WEB-INF\src\jp\co\daifuku\wms\stock\rft\schedule\StdStartSCHParams.java
2012/04/12 11:15:12 コピー済み: C:\daifuku\wms\tomcat\webapps\wms\WEB-INF\src\jp\co\daifuku\wms\stock\rft\display\StdCancelConfirmBusiness.java
2012/04/12 11:15:12 コピー済み: C:\daifuku\wms\tomcat\webapps\wms\WEB-INF\src\jp\co\daifuku\wms\stock\rft\schedule\StdCompleteSCH.java
2012/04/12 11:15:13 コピー済み: C:\daifuku\wms\tomcat\webapps\wms\WEB-INF\src\jp\co\daifuku\wms\stock\rft\schedule\StdCompleteSCHParams.java
2012/04/12 11:15:13 コピー済み: C:\daifuku\wms\tomcat\webapps\wms\WEB-INF\src\jp\co\daifuku\wms\stock\rft\display\StdDetailBusiness.java
2012/04/12 11:15:13 コピー済み: C:\daifuku\wms\tomcat\webapps\wms\WEB-INF\src\jp\co\daifuku\wms\stock\rft\display\StdItemInputBusiness.java
2012/04/12 11:15:13 コピー済み: C:\daifuku\wms\tomcat\webapps\wms\WEB-INF\src\jp\co\daifuku\wms\stock\rft\display\StdLocationInputBusiness.java
2012/04/12 11:15:13 コピー済み: C:\daifuku\wms\tomcat\webapps\wms\WEB-INF\src\jp\co\daifuku\wms\stock\rft\display\StdLotNoListBusiness.java
2012/04/12 11:15:14 コピー済み: C:\daifuku\wms\tomcat\webapps\wms\WEB-INF\src\jp\co\daifuku\wms\stock\rft\schedule\StdLotNoListSCH.java
2012/04/12 11:15:14 コピー済み: C:\daifuku\wms\tomcat\webapps\wms\WEB-INF\src\jp\co\daifuku\wms\stock\rft\schedule\StdLotNoListSCHParams.java
2012/04/12 11:15:14 コピー済み: C:\daifuku\wms\tomcat\webapps\wms\WEB-INF\src\jp\co\daifuku\wms\stock\rft\display\StdQtyInputBusiness.java
2012/04/12 11:15:14 コピー済み: C:\daifuku\wms\tomcat\webapps\wms\WEB-INF\src\jp\co\daifuku\wms\stock\rft\display\StdReStartBusiness.java
2012/04/12 11:15:15 コピー済み: C:\daifuku\wms\tomcat\webapps\wms\WEB-INF\src\jp\co\daifuku\wms\stock\rft\schedule\StdReStartSCH.java
2012/04/12 11:15:15 コピー済み: C:\daifuku\wms\tomcat\webapps\wms\WEB-INF\src\jp\co\daifuku\wms\stock\rft\schedule\StdReStartSCHParams.java
2012/04/12 11:15:15 コピー済み: C:\daifuku\wms\tomcat\webapps\wms\WEB-INF\src\jp\co\daifuku\wms\stock\rft\display\StdStartBusiness.java
2012/04/12 11:15:15 コピー済み: C:\daifuku\wms\tomcat\webapps\wms\WEB-INF\src\jp\co\daifuku\wms\stock\rft\display\StdStorageStartBusiness.java
2012/04/12 11:15:16 コピー済み: C:\daifuku\wms\tomcat\webapps\wms\WEB-INF\src\jp\co\daifuku\wms\stock\rft\schedule\StdStorageStartSCH.java
2012/04/12 11:15:16 コピー済み: C:\daifuku\wms\tomcat\webapps\wms\WEB-INF\src\jp\co\daifuku\wms\stock\rft\schedule\StdStorageStartSCHParams.java
2012/04/12 11:15:16 コピー済み: C:\daifuku\wms\tomcat\webapps\wms\WEB-INF\src\jp\co\daifuku\wms\stock\rft\display\StdStorageStartDetailBusiness.java
2012/04/12 11:15:16 コピー済み: C:\daifuku\wms\tomcat\webapps\wms\WEB-INF\src\jp\co\daifuku\wms\stock\rft\display\StoLocationListBusiness.java
2012/04/12 11:15:17 コピー済み: C:\daifuku\wms\tomcat\webapps\wms\WEB-INF\src\jp\co\daifuku\wms\stock\rft\schedule\StoLocationListSCH.java
2012/04/12 11:15:17 コピー済み: C:\daifuku\wms\tomcat\webapps\wms\WEB-INF\src\jp\co\daifuku\wms\stock\rft\schedule\StoLocationListSCHParams.java
2012/04/12 11:15:17 コピー済み: C:\daifuku\wms\tomcat\webapps\wms\WEB-INF\src\jp\co\daifuku\wms\stock\rft\display\StoLocationSearchBusiness.java
2012/04/12 11:15:17 コピー済み: C:\daifuku\wms\tomcat\webapps\wms\WEB-INF\src\jp\co\daifuku\wms\base\rft\ResultConst.java
2012/04/12 11:15:18 コピー済み: C:\daifuku\wms\tomcat-RFT\bt910\en_US\haisurf2\Event.xml
2012/04/12 11:15:18 コピー済み: C:\daifuku\wms\tomcat-RFT\bt910\ja_JP\haisurf2\Event.xml
2012/04/12 11:15:18 コピー済み: C:\daifuku\wms\tomcat-RFT\bt910\ja_JP\haisurf2\ConsignorInput.xml
2012/04/12 11:15:18 コピー済み: C:\daifuku\wms\tomcat-RFT\bt910\ja_JP\haisurf2\ConsignorList.xml
2012/04/12 11:15:18 コピー済み: C:\daifuku\wms\tomcat-RFT\bt910\ja_JP\haisurf2\ExitConfirm.xml
2012/04/12 11:15:18 コピー済み: C:\daifuku\wms\tomcat-RFT\bt910\ja_JP\haisurf2\MainMenu.xml
2012/04/12 11:15:18 コピー済み: C:\daifuku\wms\tomcat-RFT\bt910\ja_JP\haisurf2\NrtCancelConfirm.xml
2012/04/12 11:15:18 コピー済み: C:\daifuku\wms\tomcat-RFT\bt910\ja_JP\haisurf2\NrtInspection.xml
2012/04/12 11:15:18 コピー済み: C:\daifuku\wms\tomcat-RFT\bt910\ja_JP\haisurf2\NrtItemInput.xml
2012/04/12 11:15:18 コピー済み: C:\daifuku\wms\tomcat-RFT\bt910\ja_JP\haisurf2\NrtLocationInput.xml
2012/04/12 11:15:18 コピー済み: C:\daifuku\wms\tomcat-RFT\bt910\ja_JP\haisurf2\NrtLotNoInput.xml
2012/04/12 11:15:18 コピー済み: C:\daifuku\wms\tomcat-RFT\bt910\ja_JP\haisurf2\NrtLotNoList.xml
2012/04/12 11:15:18 コピー済み: C:\daifuku\wms\tomcat-RFT\bt910\ja_JP\haisurf2\NrtQtyInput.xml
2012/04/12 11:15:18 コピー済み: C:\daifuku\wms\tomcat-RFT\bt910\ja_JP\haisurf2\NrtRetrieval.xml
2012/04/12 11:15:18 コピー済み: C:\daifuku\wms\tomcat-RFT\bt910\ja_JP\haisurf2\NrtStart.xml
2012/04/12 11:15:18 コピー済み: C:\daifuku\wms\tomcat-RFT\bt910\ja_JP\haisurf2\NrtStockList.xml
2012/04/12 11:15:18 コピー済み: C:\daifuku\wms\tomcat-RFT\bt910\ja_JP\haisurf2\NstCancelConfirm.xml
2012/04/12 11:15:18 コピー済み: C:\daifuku\wms\tomcat-RFT\bt910\ja_JP\haisurf2\NstEntQtyInput.xml
2012/04/12 11:15:18 コピー済み: C:\daifuku\wms\tomcat-RFT\bt910\ja_JP\haisurf2\NstInspection.xml
2012/04/12 11:15:18 コピー済み: C:\daifuku\wms\tomcat-RFT\bt910\ja_JP\haisurf2\NstItemInput.xml
2012/04/12 11:15:18 コピー済み: C:\daifuku\wms\tomcat-RFT\bt910\ja_JP\haisurf2\NstLocationInput.xml
2012/04/12 11:15:18 コピー済み: C:\daifuku\wms\tomcat-RFT\bt910\ja_JP\haisurf2\NstQtyInput.xml
2012/04/12 11:15:18 コピー済み: C:\daifuku\wms\tomcat-RFT\bt910\ja_JP\haisurf2\NstStart.xml
2012/04/12 11:15:18 コピー済み: C:\daifuku\wms\tomcat-RFT\bt910\ja_JP\haisurf2\RecAreaList.xml
2012/04/12 11:15:18 コピー済み: C:\daifuku\wms\tomcat-RFT\bt910\ja_JP\haisurf2\RecCancelConfirm.xml
2012/04/12 11:15:18 コピー済み: C:\daifuku\wms\tomcat-RFT\bt910\ja_JP\haisurf2\RecInspection.xml
2012/04/12 11:15:18 コピー済み: C:\daifuku\wms\tomcat-RFT\bt910\ja_JP\haisurf2\RecItemInput.xml
2012/04/12 11:15:18 コピー済み: C:\daifuku\wms\tomcat-RFT\bt910\ja_JP\haisurf2\RecLotNoList.xml
2012/04/12 11:15:18 コピー済み: C:\daifuku\wms\tomcat-RFT\bt910\ja_JP\haisurf2\RecPlanDateList.xml
2012/04/12 11:15:18 コピー済み: C:\daifuku\wms\tomcat-RFT\bt910\ja_JP\haisurf2\RecQtyInput.xml
2012/04/12 11:15:18 コピー済み: C:\daifuku\wms\tomcat-RFT\bt910\ja_JP\haisurf2\RecReStart.xml
2012/04/12 11:15:18 コピー済み: C:\daifuku\wms\tomcat-RFT\bt910\ja_JP\haisurf2\RecSPSelect.xml
2012/04/12 11:15:18 コピー済み: C:\daifuku\wms\tomcat-RFT\bt910\ja_JP\haisurf2\RecStart.xml
2012/04/12 11:15:18 コピー済み: C:\daifuku\wms\tomcat-RFT\bt910\ja_JP\haisurf2\RecSupplierList.xml
2012/04/12 11:15:18 コピー済み: C:\daifuku\wms\tomcat-RFT\bt910\ja_JP\haisurf2\RecTempStorage.xml
2012/04/12 11:15:18 コピー済み: C:\daifuku\wms\tomcat-RFT\bt910\ja_JP\haisurf2\RetAreaInput.xml
2012/04/12 11:15:18 コピー済み: C:\daifuku\wms\tomcat-RFT\bt910\ja_JP\haisurf2\RetAreaList.xml
2012/04/12 11:15:18 コピー済み: C:\daifuku\wms\tomcat-RFT\bt910\ja_JP\haisurf2\RetCancelConfirm.xml
2012/04/12 11:15:18 コピー済み: C:\daifuku\wms\tomcat-RFT\bt910\ja_JP\haisurf2\RetInspection.xml
2012/04/12 11:15:18 コピー済み: C:\daifuku\wms\tomcat-RFT\bt910\ja_JP\haisurf2\RetLocationItemInput.xml
2012/04/12 11:15:18 コピー済み: C:\daifuku\wms\tomcat-RFT\bt910\ja_JP\haisurf2\RetOrderConfirm.xml
2012/04/12 11:15:18 コピー済み: C:\daifuku\wms\tomcat-RFT\bt910\ja_JP\haisurf2\RetOrderInput.xml
2012/04/12 11:15:18 コピー済み: C:\daifuku\wms\tomcat-RFT\bt910\ja_JP\haisurf2\RetOrderList.xml
2012/04/12 11:15:18 コピー済み: C:\daifuku\wms\tomcat-RFT\bt910\ja_JP\haisurf2\RetOrderStatusList.xml
2012/04/12 11:15:18 コピー済み: C:\daifuku\wms\tomcat-RFT\bt910\ja_JP\haisurf2\RetQtyInput.xml
2012/04/12 11:15:18 コピー済み: C:\daifuku\wms\tomcat-RFT\bt910\ja_JP\haisurf2\RetReStart.xml
2012/04/12 11:15:18 コピー済み: C:\daifuku\wms\tomcat-RFT\bt910\ja_JP\haisurf2\RetShortageConfirm.xml
2012/04/12 11:15:18 コピー済み: C:\daifuku\wms\tomcat-RFT\bt910\ja_JP\haisurf2\RetStart.xml
2012/04/12 11:15:18 コピー済み: C:\daifuku\wms\tomcat-RFT\bt910\ja_JP\haisurf2\SessionError.xml
2012/04/12 11:15:18 コピー済み: C:\daifuku\wms\tomcat-RFT\bt910\ja_JP\haisurf2\ShpBatchNoInput.xml
2012/04/12 11:15:18 コピー済み: C:\daifuku\wms\tomcat-RFT\bt910\ja_JP\haisurf2\ShpBatchNoList.xml
2012/04/12 11:15:18 コピー済み: C:\daifuku\wms\tomcat-RFT\bt910\ja_JP\haisurf2\ShpCancelConfirm.xml
2012/04/12 11:15:18 コピー済み: C:\daifuku\wms\tomcat-RFT\bt910\ja_JP\haisurf2\ShpCustomerInput.xml
2012/04/12 11:15:18 コピー済み: C:\daifuku\wms\tomcat-RFT\bt910\ja_JP\haisurf2\ShpCustomerList.xml
2012/04/12 11:15:18 コピー済み: C:\daifuku\wms\tomcat-RFT\bt910\ja_JP\haisurf2\ShpInspection.xml
2012/04/12 11:15:18 コピー済み: C:\daifuku\wms\tomcat-RFT\bt910\ja_JP\haisurf2\ShpPlanDateList.xml
2012/04/12 11:15:18 コピー済み: C:\daifuku\wms\tomcat-RFT\bt910\ja_JP\haisurf2\ShpQtyInput.xml
2012/04/12 11:15:18 コピー済み: C:\daifuku\wms\tomcat-RFT\bt910\ja_JP\haisurf2\ShpReStart.xml
2012/04/12 11:15:18 コピー済み: C:\daifuku\wms\tomcat-RFT\bt910\ja_JP\haisurf2\ShpShortageList.xml
2012/04/12 11:15:18 コピー済み: C:\daifuku\wms\tomcat-RFT\bt910\ja_JP\haisurf2\ShpStart.xml
2012/04/12 11:15:18 コピー済み: C:\daifuku\wms\tomcat-RFT\bt910\ja_JP\haisurf2\StdAreaList.xml
2012/04/12 11:15:18 コピー済み: C:\daifuku\wms\tomcat-RFT\bt910\ja_JP\haisurf2\StdCancelConfirm.xml
2012/04/12 11:15:18 コピー済み: C:\daifuku\wms\tomcat-RFT\bt910\ja_JP\haisurf2\StdItemInput.xml
2012/04/12 11:15:18 コピー済み: C:\daifuku\wms\tomcat-RFT\bt910\ja_JP\haisurf2\StdLocationInput.xml
2012/04/12 11:15:18 コピー済み: C:\daifuku\wms\tomcat-RFT\bt910\ja_JP\haisurf2\StdLotNoList.xml
2012/04/12 11:15:18 コピー済み: C:\daifuku\wms\tomcat-RFT\bt910\ja_JP\haisurf2\StdQtyInput.xml
2012/04/12 11:15:18 コピー済み: C:\daifuku\wms\tomcat-RFT\bt910\ja_JP\haisurf2\StdReStart.xml
2012/04/12 11:15:18 コピー済み: C:\daifuku\wms\tomcat-RFT\bt910\ja_JP\haisurf2\StdStart.xml
2012/04/12 11:15:18 コピー済み: C:\daifuku\wms\tomcat-RFT\bt910\ja_JP\haisurf2\StdStorageStart.xml
2012/04/12 11:15:18 コピー済み: C:\daifuku\wms\tomcat-RFT\bt910\ja_JP\haisurf2\StoLocationList.xml
2012/04/12 11:15:18 コピー済み: C:\daifuku\wms\tomcat-RFT\bt910\ja_JP\haisurf2\StoLocationSearch.xml
2012/04/12 11:15:18 コピー済み: C:\daifuku\wms\tomcat-RFT\bt910\ja_JP\haisurf2\TopPage.xml
2012/04/12 11:15:18 コピー済み: C:\daifuku\wms\tomcat-RFT\bt910\ja_JP\haisurf2\WorkerInput.xml
2012/04/12 11:15:18 コピー済み: C:\daifuku\wms\tomcat-RFT\bt910\en_US\haisurf2\Custom.xml
2012/04/12 11:15:18 コピー済み: C:\daifuku\wms\tomcat-RFT\bt910\ja_JP\haisurf2\Custom.xml
2012/04/12 11:15:18 コピー済み: C:\daifuku\wms\tomcat-RFT\bt910\en_US\haisurf2\Sql.xml
2012/04/12 11:15:18 コピー済み: C:\daifuku\wms\tomcat-RFT\bt910\ja_JP\haisurf2\Sql.xml
2012/04/12 11:15:18 コピー済み: C:\daifuku\wms\tomcat-RFT\bt910\ja_JP\haisurf2\ConfirmDialogA.xml
2012/04/12 11:15:18 コピー済み: C:\daifuku\wms\tomcat-RFT\bt910\ja_JP\haisurf2\ConfirmDialogB.xml
2012/04/12 11:15:18 コピー済み: C:\daifuku\wms\tomcat-RFT\bt910\ja_JP\haisurf2\End.xml
2012/04/12 11:15:18 コピー済み: C:\daifuku\wms\tomcat-RFT\bt910\ja_JP\haisurf2\ErrorDialogA.xml
2012/04/12 11:15:18 コピー済み: C:\daifuku\wms\tomcat-RFT\bt910\ja_JP\haisurf2\ErrorDialogB.xml
2012/04/12 11:15:18 コピー済み: C:\daifuku\wms\tomcat-RFT\bt910\ja_JP\haisurf2\ErrorDialogC.xml
2012/04/12 11:15:18 コピー済み: C:\daifuku\wms\tomcat-RFT\bt910\ja_JP\haisurf2\ErrorDialogD.xml
2012/04/12 11:15:18 コピー済み: C:\daifuku\wms\tomcat-RFT\bt910\ja_JP\haisurf2\ErrorDialogE.xml
2012/04/12 11:15:18 コピー済み: C:\daifuku\wms\tomcat-RFT\bt910\ja_JP\haisurf2\ErrorDialogF.xml
2012/04/12 11:15:18 コピー済み: C:\daifuku\wms\tomcat-RFT\bt910\ja_JP\haisurf2\ErrorDialogH.xml
2012/04/12 11:15:18 コピー済み: C:\daifuku\wms\tomcat-RFT\bt910\ja_JP\haisurf2\WarningDialogA.xml
2012/04/12 11:15:19 コピー済み: C:\daifuku\wms\tomcat-RFT\mc3000\en_US\haisurf2\Event.xml
2012/04/12 11:15:19 コピー済み: C:\daifuku\wms\tomcat-RFT\mc3000\ja_JP\haisurf2\Event.xml
2012/04/12 11:15:19 コピー済み: C:\daifuku\wms\tomcat-RFT\mc3000\en_US\haisurf2\ConsignorInput.xml
2012/04/12 11:15:19 コピー済み: C:\daifuku\wms\tomcat-RFT\mc3000\en_US\haisurf2\ConsignorList.xml
2012/04/12 11:15:19 コピー済み: C:\daifuku\wms\tomcat-RFT\mc3000\en_US\haisurf2\ExitConfirm.xml
2012/04/12 11:15:19 コピー済み: C:\daifuku\wms\tomcat-RFT\mc3000\en_US\haisurf2\MainMenu.xml
2012/04/12 11:15:19 コピー済み: C:\daifuku\wms\tomcat-RFT\mc3000\en_US\haisurf2\NrtCancelConfirm.xml
2012/04/12 11:15:19 コピー済み: C:\daifuku\wms\tomcat-RFT\mc3000\en_US\haisurf2\NrtDetail.xml
2012/04/12 11:15:19 コピー済み: C:\daifuku\wms\tomcat-RFT\mc3000\en_US\haisurf2\NrtItemInput.xml
2012/04/12 11:15:19 コピー済み: C:\daifuku\wms\tomcat-RFT\mc3000\en_US\haisurf2\NrtLocationInput.xml
2012/04/12 11:15:19 コピー済み: C:\daifuku\wms\tomcat-RFT\mc3000\en_US\haisurf2\NrtLotNoList.xml
2012/04/12 11:15:19 コピー済み: C:\daifuku\wms\tomcat-RFT\mc3000\en_US\haisurf2\NrtRetrieval.xml
2012/04/12 11:15:19 コピー済み: C:\daifuku\wms\tomcat-RFT\mc3000\en_US\haisurf2\NrtStart.xml
2012/04/12 11:15:19 コピー済み: C:\daifuku\wms\tomcat-RFT\mc3000\en_US\haisurf2\NrtStockList.xml
2012/04/12 11:15:19 コピー済み: C:\daifuku\wms\tomcat-RFT\mc3000\en_US\haisurf2\NstCancelConfirm.xml
2012/04/12 11:15:19 コピー済み: C:\daifuku\wms\tomcat-RFT\mc3000\en_US\haisurf2\NstDetail.xml
2012/04/12 11:15:19 コピー済み: C:\daifuku\wms\tomcat-RFT\mc3000\en_US\haisurf2\NstEntQtyInput.xml
2012/04/12 11:15:19 コピー済み: C:\daifuku\wms\tomcat-RFT\mc3000\en_US\haisurf2\NstItemInput.xml
2012/04/12 11:15:19 コピー済み: C:\daifuku\wms\tomcat-RFT\mc3000\en_US\haisurf2\NstLocationInput.xml
2012/04/12 11:15:19 コピー済み: C:\daifuku\wms\tomcat-RFT\mc3000\en_US\haisurf2\NstQtyInput.xml
2012/04/12 11:15:19 コピー済み: C:\daifuku\wms\tomcat-RFT\mc3000\en_US\haisurf2\NstStart.xml
2012/04/12 11:15:19 コピー済み: C:\daifuku\wms\tomcat-RFT\mc3000\en_US\haisurf2\RecAreaList.xml
2012/04/12 11:15:19 コピー済み: C:\daifuku\wms\tomcat-RFT\mc3000\en_US\haisurf2\RecCancelConfirm.xml
2012/04/12 11:15:19 コピー済み: C:\daifuku\wms\tomcat-RFT\mc3000\en_US\haisurf2\RecDetail.xml
2012/04/12 11:15:19 コピー済み: C:\daifuku\wms\tomcat-RFT\mc3000\en_US\haisurf2\RecInspection.xml
2012/04/12 11:15:19 コピー済み: C:\daifuku\wms\tomcat-RFT\mc3000\en_US\haisurf2\RecItemInput.xml
2012/04/12 11:15:19 コピー済み: C:\daifuku\wms\tomcat-RFT\mc3000\en_US\haisurf2\RecLotNoList.xml
2012/04/12 11:15:19 コピー済み: C:\daifuku\wms\tomcat-RFT\mc3000\en_US\haisurf2\RecPlanDateList.xml
2012/04/12 11:15:19 コピー済み: C:\daifuku\wms\tomcat-RFT\mc3000\en_US\haisurf2\RecQtyInput.xml
2012/04/12 11:15:19 コピー済み: C:\daifuku\wms\tomcat-RFT\mc3000\en_US\haisurf2\RecReStart.xml
2012/04/12 11:15:19 コピー済み: C:\daifuku\wms\tomcat-RFT\mc3000\en_US\haisurf2\RecSPSelect.xml
2012/04/12 11:15:19 コピー済み: C:\daifuku\wms\tomcat-RFT\mc3000\en_US\haisurf2\RecStart.xml
2012/04/12 11:15:19 コピー済み: C:\daifuku\wms\tomcat-RFT\mc3000\en_US\haisurf2\RecSupplierList.xml
2012/04/12 11:15:19 コピー済み: C:\daifuku\wms\tomcat-RFT\mc3000\en_US\haisurf2\RecTempStorage.xml
2012/04/12 11:15:19 コピー済み: C:\daifuku\wms\tomcat-RFT\mc3000\en_US\haisurf2\RetAreaInput.xml
2012/04/12 11:15:19 コピー済み: C:\daifuku\wms\tomcat-RFT\mc3000\en_US\haisurf2\RetAreaList.xml
2012/04/12 11:15:19 コピー済み: C:\daifuku\wms\tomcat-RFT\mc3000\en_US\haisurf2\RetCancelConfirm.xml
2012/04/12 11:15:19 コピー済み: C:\daifuku\wms\tomcat-RFT\mc3000\en_US\haisurf2\RetDetail1.xml
2012/04/12 11:15:19 コピー済み: C:\daifuku\wms\tomcat-RFT\mc3000\en_US\haisurf2\RetDetail2.xml
2012/04/12 11:15:19 コピー済み: C:\daifuku\wms\tomcat-RFT\mc3000\en_US\haisurf2\RetInspection.xml
2012/04/12 11:15:19 コピー済み: C:\daifuku\wms\tomcat-RFT\mc3000\en_US\haisurf2\RetLocationItemInput.xml
2012/04/12 11:15:20 コピー済み: C:\daifuku\wms\tomcat-RFT\mc3000\en_US\haisurf2\RetOrderConfirm.xml
2012/04/12 11:15:20 コピー済み: C:\daifuku\wms\tomcat-RFT\mc3000\en_US\haisurf2\RetOrderInput.xml
2012/04/12 11:15:20 コピー済み: C:\daifuku\wms\tomcat-RFT\mc3000\en_US\haisurf2\RetOrderList.xml
2012/04/12 11:15:20 コピー済み: C:\daifuku\wms\tomcat-RFT\mc3000\en_US\haisurf2\RetOrderStatusList.xml
2012/04/12 11:15:20 コピー済み: C:\daifuku\wms\tomcat-RFT\mc3000\en_US\haisurf2\RetQtyInput.xml
2012/04/12 11:15:20 コピー済み: C:\daifuku\wms\tomcat-RFT\mc3000\en_US\haisurf2\RetReStart.xml
2012/04/12 11:15:20 コピー済み: C:\daifuku\wms\tomcat-RFT\mc3000\en_US\haisurf2\RetShortageConfirm.xml
2012/04/12 11:15:20 コピー済み: C:\daifuku\wms\tomcat-RFT\mc3000\en_US\haisurf2\RetStart.xml
2012/04/12 11:15:20 コピー済み: C:\daifuku\wms\tomcat-RFT\mc3000\en_US\haisurf2\SessionError.xml
2012/04/12 11:15:20 コピー済み: C:\daifuku\wms\tomcat-RFT\mc3000\en_US\haisurf2\ShpBatchNoInput.xml
2012/04/12 11:15:20 コピー済み: C:\daifuku\wms\tomcat-RFT\mc3000\en_US\haisurf2\ShpBatchNoList.xml
2012/04/12 11:15:20 コピー済み: C:\daifuku\wms\tomcat-RFT\mc3000\en_US\haisurf2\ShpCancelConfirm.xml
2012/04/12 11:15:20 コピー済み: C:\daifuku\wms\tomcat-RFT\mc3000\en_US\haisurf2\ShpCustomerInput.xml
2012/04/12 11:15:20 コピー済み: C:\daifuku\wms\tomcat-RFT\mc3000\en_US\haisurf2\ShpCustomerList.xml
2012/04/12 11:15:20 コピー済み: C:\daifuku\wms\tomcat-RFT\mc3000\en_US\haisurf2\ShpDetail.xml
2012/04/12 11:15:20 コピー済み: C:\daifuku\wms\tomcat-RFT\mc3000\en_US\haisurf2\ShpInspection.xml
2012/04/12 11:15:20 コピー済み: C:\daifuku\wms\tomcat-RFT\mc3000\en_US\haisurf2\ShpPlanDateList.xml
2012/04/12 11:15:20 コピー済み: C:\daifuku\wms\tomcat-RFT\mc3000\en_US\haisurf2\ShpQtyInput.xml
2012/04/12 11:15:20 コピー済み: C:\daifuku\wms\tomcat-RFT\mc3000\en_US\haisurf2\ShpReStart.xml
2012/04/12 11:15:20 コピー済み: C:\daifuku\wms\tomcat-RFT\mc3000\en_US\haisurf2\ShpShortageList.xml
2012/04/12 11:15:20 コピー済み: C:\daifuku\wms\tomcat-RFT\mc3000\en_US\haisurf2\ShpStart.xml
2012/04/12 11:15:20 コピー済み: C:\daifuku\wms\tomcat-RFT\mc3000\en_US\haisurf2\StdAreaList.xml
2012/04/12 11:15:20 コピー済み: C:\daifuku\wms\tomcat-RFT\mc3000\en_US\haisurf2\StdCancelConfirm.xml
2012/04/12 11:15:20 コピー済み: C:\daifuku\wms\tomcat-RFT\mc3000\en_US\haisurf2\StdDetail.xml
2012/04/12 11:15:20 コピー済み: C:\daifuku\wms\tomcat-RFT\mc3000\en_US\haisurf2\StdItemInput.xml
2012/04/12 11:15:20 コピー済み: C:\daifuku\wms\tomcat-RFT\mc3000\en_US\haisurf2\StdLocationInput.xml
2012/04/12 11:15:20 コピー済み: C:\daifuku\wms\tomcat-RFT\mc3000\en_US\haisurf2\StdLotNoList.xml
2012/04/12 11:15:20 コピー済み: C:\daifuku\wms\tomcat-RFT\mc3000\en_US\haisurf2\StdQtyInput.xml
2012/04/12 11:15:20 コピー済み: C:\daifuku\wms\tomcat-RFT\mc3000\en_US\haisurf2\StdReStart.xml
2012/04/12 11:15:20 コピー済み: C:\daifuku\wms\tomcat-RFT\mc3000\en_US\haisurf2\StdStart.xml
2012/04/12 11:15:20 コピー済み: C:\daifuku\wms\tomcat-RFT\mc3000\en_US\haisurf2\StdStorageStart.xml
2012/04/12 11:15:20 コピー済み: C:\daifuku\wms\tomcat-RFT\mc3000\en_US\haisurf2\StdStorageStartDetail.xml
2012/04/12 11:15:20 コピー済み: C:\daifuku\wms\tomcat-RFT\mc3000\en_US\haisurf2\StoLocationList.xml
2012/04/12 11:15:20 コピー済み: C:\daifuku\wms\tomcat-RFT\mc3000\en_US\haisurf2\TopPage.xml
2012/04/12 11:15:20 コピー済み: C:\daifuku\wms\tomcat-RFT\mc3000\en_US\haisurf2\WorkerInput.xml
2012/04/12 11:15:20 コピー済み: C:\daifuku\wms\tomcat-RFT\mc3000\en_US\haisurf2\Custom.xml
2012/04/12 11:15:20 コピー済み: C:\daifuku\wms\tomcat-RFT\mc3000\ja_JP\haisurf2\Custom.xml
2012/04/12 11:15:20 コピー済み: C:\daifuku\wms\tomcat-RFT\mc3000\en_US\haisurf2\Sql.xml
2012/04/12 11:15:20 コピー済み: C:\daifuku\wms\tomcat-RFT\mc3000\ja_JP\haisurf2\Sql.xml
2012/04/12 11:15:20 コピー済み: C:\daifuku\wms\tomcat-RFT\mc3000\en_US\haisurf2\ConfirmDialogA.xml
2012/04/12 11:15:20 コピー済み: C:\daifuku\wms\tomcat-RFT\mc3000\en_US\haisurf2\ConfirmDialogB.xml
2012/04/12 11:15:20 コピー済み: C:\daifuku\wms\tomcat-RFT\mc3000\en_US\haisurf2\End.xml
2012/04/12 11:15:20 コピー済み: C:\daifuku\wms\tomcat-RFT\mc3000\en_US\haisurf2\ErrorDialogA.xml
2012/04/12 11:15:20 コピー済み: C:\daifuku\wms\tomcat-RFT\mc3000\en_US\haisurf2\ErrorDialogB.xml
2012/04/12 11:15:20 コピー済み: C:\daifuku\wms\tomcat-RFT\mc3000\en_US\haisurf2\ErrorDialogC.xml
2012/04/12 11:15:20 コピー済み: C:\daifuku\wms\tomcat-RFT\mc3000\en_US\haisurf2\ErrorDialogD.xml
2012/04/12 11:15:20 コピー済み: C:\daifuku\wms\tomcat-RFT\mc3000\en_US\haisurf2\ErrorDialogE.xml
2012/04/12 11:15:20 コピー済み: C:\daifuku\wms\tomcat-RFT\mc3000\en_US\haisurf2\ErrorDialogF.xml
2012/04/12 11:15:20 コピー済み: C:\daifuku\wms\tomcat-RFT\mc3000\en_US\haisurf2\ErrorDialogH.xml
2012/04/12 11:15:20 コピー済み: C:\daifuku\wms\tomcat-RFT\mc3000\en_US\haisurf2\WarningDialogA.xml
2012/04/12 11:15:20 ジェネレートの完了。 処理数:387、同一ファイル:0、コピー済み:387、マージ済み:0、競合あり:0、差異あり:0、エラー:0
